MPASM  5.46                           COD.ASM   3-31-2016  14:09:41         PAGE  1


LOC  OBJECT CODE     LINE SOURCE TEXT
  VALUE

                      00001                    LIST    p=16F84A ; PIC16F844 is the target processor
                      00002 
                      00003            #include "P16F84A.INC" ; Inclui cabeçalho
                      00001         LIST
                      00002 
                      00003 ;==========================================================================
                      00004 ;  MPASM PIC16F84A processor include
                      00005 ; 
                      00006 ;  (c) Copyright 1999-2012 Microchip Technology, All rights reserved
                      00007 ;==========================================================================
                      00008 
                      00208         LIST
                      00004                         
                      00005                         ;Espaço das variáveis
Warning[207]: Found label after column 1. (num_acc)
  00000020            00006                         num_acc equ       0x20 ;pode declarar variáveis em 0x21, 0x22 ...
                      00007                         
                      00008 ;----------------------------------------------------------------------------------------------
                      00009 ;Não editar esta seção
                      00010 ;----------------------------------------------------------------------------------------------         
                                    
                      00011                         ;endereço de inicio do programa
0000                  00012                         org     00 ;origem no endereço 0
                      00013                         
0000   0103           00014 setports    clrw                    ; Zero em W.
0001   0085           00015             movwf   PORTA           ; certifica que PORTA é zero antes de habilita-la.
0002   0086           00016             movwf   PORTB           ; certifica que PORTB é zero antes de habilita-la.
                      00017                         
                      00018             
0003   1683           00019                         bsf     STATUS,RP0      ; Seleciona o Banco 1 (banco do TRIS)
                      00020             
                      00021                         ;Setando entradas e saidas
0004   3060           00022                         movlw   b'01100000'
Message[302]: Register in operand not in bank 0.  Ensure that bank bits are correct.
0005   0086           00023                         movwf   TRISB
0006   3000           00024                         movlw   b'00000000'
Message[302]: Register in operand not in bank 0.  Ensure that bank bits are correct.
0007   0085           00025                         movwf   TRISA
0008   1283           00026             bcf         STATUS,RP0      ; Reseleciona o Banco 0 (banco do PORT).
                      00027                         
                      00028                         
                      00029 ;---------------------------------------------------------------------------------------------
                      00030 ;Desenvolver código a partir daqui
                      00031 ;---------------------------------------------------------------------------------------------          
                                    
0009   01A0           00032                     clrf num_acc ;zera valor do contador
                      00033 ;Estado Inicial                 
000A                  00034 inicial         
000A   1405           00035                         bsf             PORTA,0 ;Liga apenas o led vermelho
000B   1085           00036                         bcf             PORTA,1 ;Desliga apenas o led verde
                      00037 
000C   1A86           00038                         btfsc   PORTB,5 ;Verifica se a chave 'sensor' foi ligada
000D   2011           00039                         call    passar  ;Se foi pressionado, vá para o estado passar
MPASM  5.46                           COD.ASM   3-31-2016  14:09:41         PAGE  2


LOC  OBJECT CODE     LINE SOURCE TEXT
  VALUE

000E   1B06           00040                         btfsc   PORTB,6 ;Verifica se a chave 'manutencao' foi ligada                    
                                                    
000F   2017           00041                         call    manutencao
                      00042 
0010   280A           00043                         goto    inicial
                      00044                         
                      00045 
0011   1005           00046 passar          bcf             PORTA,0 ;Desliga apenas o led vermelho (conectado ao RA0)
0012   1485           00047                         bsf             PORTA,1 ;Liga apenas o led verde (conectado ao RA1)
Message[305]: Using default destination of 1 (file).
0013   0AA0           00048                         incf    num_acc ;incrementa 1 sempre que o botão é ligado
                      00049 
0014                  00050 passar_loop                     
0014   1E86           00051                         btfss   PORTB,5 ;checa se o botão do 'sensor' permanece ligado
0015   0008           00052                         return                  ;se não permanece, retorne a subrotina de origem        
                                            
                      00053 
0016   2814           00054                         goto    passar_loop
                      00055 
                      00056 
0017   1005           00057 manutencao  bcf   PORTA,0; Desliga led vermelho
0018   1085           00058                         bcf   PORTA,1; Desliga led verde
0019   2027           00059                         call cmp
                      00060 
001A                  00061 manutencao_loop
001A   1F06           00062                         btfss PORTB,6; Checa se o botão do 'manutenção' permanece ligado
001B   0008           00063                         return; Verificação da variavel 0x20
                      00064 
001C   281A           00065                         goto manutencao_loop
                      00066 
001D   1005           00067 apagaLed        bcf   PORTA,0;liga led vermelho
001E   1085           00068                         bcf   PORTA,1;liga led verde
                      00069 
001F                  00070 apagaLed_loop
001F   1F06           00071                         btfss PORTB,6;checa se o botão do 'manutenção' permanece ligado
0020   0008           00072                         return;verificação da variavel 0x20
                      00073                         
0021   281F           00074                         goto apagaLed_loop
                      00075 
0022   1405           00076 acendeLed       bsf   PORTA,0;liga led vermelho
0023   1485           00077                         bsf   PORTA,1;liga led verde
                      00078 
0024                  00079 acendeLed_loop
0024   1F06           00080                 btfss PORTB,6; Checa se o botão do 'manutenção' permanece ligado
0025   201D           00081                 call apagaLed;verificação da variavel 0x20
                      00082                 
0026   2824           00083                 goto acendeLed_loop
                      00084 
                      00085 
                      00086 
                      00087 ;---------------------------------------------------------------------------------------------          
                                    
                      00088 ;Função para a comparação da magnitude de dois números
MPASM  5.46                           COD.ASM   3-31-2016  14:09:41         PAGE  3


LOC  OBJECT CODE     LINE SOURCE TEXT
  VALUE

                      00089 ;---------------------------------------------------------------------------------------------
                      00090 ;quando retornar da função cmp, o registrador w terá o valor:
                      00091 ;
                      00092 ;w=0 (quando num_acc for menor ou igual a 10)
                      00093 ;ou
                      00094 ;w=1 (quando num_acc for maior que 10)
                      00095 
0027                  00096 cmp
0027   300A           00097                         movlw D'10'
0028   0220           00098                         subwf num_acc,0
0029   1903           00099                         btfsc STATUS,Z
002A   282D           00100                         goto  menor_igual
002B   1803           00101                         btfsc STATUS,C
002C   282F           00102                         goto  maior
                      00103                         ;se chegar aqui 'num_acc' é menor que 10
                      00104                         ;retlw 0
002D                  00105 menor_igual
002D   201D           00106                         call apagaLed
002E   3400           00107                         retlw 0 ;retorna da função com o w_reg com valor 0
                      00108 
002F                  00109 maior
002F   2022           00110                         call acendeLed
0030   3401           00111                         retlw 1 ;retorna da função com o w_reg com valor 1
                      00112                         
                      00113             END
MPASM  5.46                           COD.ASM   3-31-2016  14:09:41         PAGE  4


SYMBOL TABLE
  LABEL                             VALUE 

C                                 00000000
DC                                00000001
EEADR                             00000009
EECON1                            00000088
EECON2                            00000089
EEDATA                            00000008
EEIE                              00000006
EEIF                              00000004
F                                 00000001
FSR                               00000004
GIE                               00000007
INDF                              00000000
INTCON                            0000000B
INTE                              00000004
INTEDG                            00000006
INTF                              00000001
IRP                               00000007
NOT_PD                            00000003
NOT_RBPU                          00000007
NOT_TO                            00000004
OPTION_REG                        00000081
PCL                               00000002
PCLATH                            0000000A
PORTA                             00000005
PORTB                             00000006
PS0                               00000000
PS1                               00000001
PS2                               00000002
PSA                               00000003
RA0                               00000000
RA1                               00000001
RA2                               00000002
RA3                               00000003
RA4                               00000004
RB0                               00000000
RB1                               00000001
RB2                               00000002
RB3                               00000003
RB4                               00000004
RB5                               00000005
RB6                               00000006
RB7                               00000007
RBIE                              00000003
RBIF                              00000000
RD                                00000000
RP0                               00000005
RP1                               00000006
STATUS                            00000003
T0CS                              00000005
T0IE                              00000005
T0IF                              00000002
T0SE                              00000004
TMR0                              00000001
MPASM  5.46                           COD.ASM   3-31-2016  14:09:41         PAGE  5


SYMBOL TABLE
  LABEL                             VALUE 

TMR0IE                            00000005
TMR0IF                            00000002
TRISA                             00000085
TRISA0                            00000000
TRISA1                            00000001
TRISA2                            00000002
TRISA3                            00000003
TRISA4                            00000004
TRISB                             00000086
TRISB0                            00000000
TRISB1                            00000001
TRISB2                            00000002
TRISB3                            00000003
TRISB4                            00000004
TRISB5                            00000005
TRISB6                            00000006
TRISB7                            00000007
W                                 00000000
WR                                00000001
WREN                              00000002
WRERR                             00000003
Z                                 00000002
_CONFIG                           00002007
_CP_OFF                           00003FFF
_CP_ON                            0000000F
_DEVID1                           00002006
_FOSC_EXTRC                       00003FFF
_FOSC_HS                          00003FFE
_FOSC_LP                          00003FFC
_FOSC_XT                          00003FFD
_HS_OSC                           00003FFE
_IDLOC0                           00002000
_IDLOC1                           00002001
_IDLOC2                           00002002
_IDLOC3                           00002003
_LP_OSC                           00003FFC
_PWRTE_OFF                        00003FFF
_PWRTE_ON                         00003FF7
_RC_OSC                           00003FFF
_WDTE_OFF                         00003FFB
_WDTE_ON                          00003FFF
_WDT_OFF                          00003FFB
_WDT_ON                           00003FFF
_XT_OSC                           00003FFD
__16F84A                          00000001
acendeLed                         00000022
acendeLed_loop                    00000024
apagaLed                          0000001D
apagaLed_loop                     0000001F
cmp                               00000027
inicial                           0000000A
maior                             0000002F
manutencao                        00000017
MPASM  5.46                           COD.ASM   3-31-2016  14:09:41         PAGE  6


SYMBOL TABLE
  LABEL                             VALUE 

manutencao_loop                   0000001A
menor_igual                       0000002D
num_acc                           00000020
passar                            00000011
passar_loop                       00000014
setports                          00000000


MEMORY USAGE MAP ('X' = Used,  '-' = Unused)

0000 : XXXXXXXXXXXXXXXX XXXXXXXXXXXXXXXX XXXXXXXXXXXXXXXX X---------------

All other memory blocks unused.

Program Memory Words Used:    49
Program Memory Words Free:   975


Errors   :     0
Warnings :     1 reported,     0 suppressed
Messages :     3 reported,     0 suppressed

